<?xml version="1.0" encoding="UTF-8"?>
<!-- Generated by org.testng.reporters.JUnitReportReporter -->
<testsuite hostname="C02HG5W5Q6L5" failures="0" tests="1" name="Com.Wipro.APIFrameWork.Task3LibraryAPI" time="5.229" errors="0" timestamp="2024-07-17T19:31:01 IST" skipped="0">
  <testcase classname="Com.Wipro.APIFrameWork.Task3LibraryAPI" name="AddJsonFileTest" time="5.229"/>
</testsuite> <!-- Com.Wipro.APIFrameWork.Task3LibraryAPI -->
