<?xml version="1.0" encoding="UTF-8"?>
<!-- Generated by org.testng.reporters.JUnitReportReporter -->
<testsuite hostname="C02HG5W5Q6L5" failures="0" tests="1" name="Com.Wipro.APIFrameWork.SumUsingTestNG" time="2.233" errors="0" timestamp="2024-07-30T10:43:33 IST" skipped="0">
  <testcase classname="Com.Wipro.APIFrameWork.SumUsingTestNG" name="sum" time="2.233"/>
</testsuite> <!-- Com.Wipro.APIFrameWork.SumUsingTestNG -->
