<?xml version="1.0" encoding="UTF-8"?>
<!-- Generated by org.testng.reporters.JUnitReportReporter -->
<testsuite hostname="C02HG5W5Q6L5" failures="0" tests="1" name="Com.Wipro.APIFrameWork.SumUsingTestNG" time="2.002" errors="0" timestamp="2024-07-17T15:17:39 IST" skipped="0">
  <testcase classname="Com.Wipro.APIFrameWork.SumUsingTestNG" name="sum" time="2.002"/>
</testsuite> <!-- Com.Wipro.APIFrameWork.SumUsingTestNG -->
